<?xml version="1.0" encoding="UTF-8"?>
<testng-results ignored="0" total="1" passed="1" failed="0" skipped="0">
  <reporter-output>
  </reporter-output>
  <suite started-at="2021-07-19T14:37:43 IST" name="Default suite" finished-at="2021-07-19T14:37:53 IST" duration-ms="10415">
    <groups>
    </groups>
    <test started-at="2021-07-19T14:37:43 IST" name="Default test" finished-at="2021-07-19T14:37:53 IST" duration-ms="10415">
      <class name="Testcases.LoginCRMByExcelFindBy">
        <test-method is-config="true" signature="readExcel()[pri:0, instance:Testcases.LoginCRMByExcelFindBy@16610890]" started-at="2021-07-19T14:37:42 IST" name="readExcel" finished-at="2021-07-19T14:37:43 IST" duration-ms="632" status="PASS">
          <reporter-output>
          </reporter-output>
        </test-method> <!-- readExcel -->
        <test-method is-config="true" signature="startApp()[pri:0, instance:Testcases.LoginCRMByExcelFindBy@16610890]" started-at="2021-07-19T14:37:43 IST" name="startApp" finished-at="2021-07-19T14:37:46 IST" duration-ms="2957" status="PASS">
          <reporter-output>
          </reporter-output>
        </test-method> <!-- startApp -->
        <test-method signature="loginCRM()[pri:0, instance:Testcases.LoginCRMByExcelFindBy@16610890]" started-at="2021-07-19T14:37:46 IST" name="loginCRM" finished-at="2021-07-19T14:37:48 IST" duration-ms="2447" status="PASS">
          <reporter-output>
          </reporter-output>
        </test-method> <!-- loginCRM -->
        <test-method is-config="true" signature="quitApp()[pri:0, instance:Testcases.LoginCRMByExcelFindBy@16610890]" started-at="2021-07-19T14:37:48 IST" name="quitApp" finished-at="2021-07-19T14:37:53 IST" duration-ms="4969" status="PASS">
          <reporter-output>
          </reporter-output>
        </test-method> <!-- quitApp -->
      </class> <!-- Testcases.LoginCRMByExcelFindBy -->
    </test> <!-- Default test -->
  </suite> <!-- Default suite -->
</testng-results>
